# JRE version: OpenJDK Runtime Environment (8.0_242-b01) (build 1.8.0_242-release-1644-b01)
# Java VM: OpenJDK 64-Bit Server VM (25.242-b01 mixed mode windows-amd64 compressed oops)
Heap:
 PSYoungGen      total 544256K, used 418299K [0x00000000d5580000, 0x0000000100000000, 0x0000000100000000)
  eden space 426496K, 70% used [0x00000000d5580000,0x00000000e7b32368,0x00000000ef600000)
  from space 117760K, 99% used [0x00000000ef600000,0x00000000f68ccad8,0x00000000f6900000)
  to   space 154112K, 0% used [0x00000000f6980000,0x00000000f6980000,0x0000000100000000)
 ParOldGen       total 238080K, used 200738K [0x0000000080000000, 0x000000008e880000, 0x00000000d5580000)
  object space 238080K, 84% used [0x0000000080000000,0x000000008c408858,0x000000008e880000)
 Metaspace       used 117532K, capacity 125632K, committed 126104K, reserved 1159168K
  class space    used 14521K, capacity 15907K, committed 16280K, reserved 1048576K
GC Heap History (10 events):
Event: 18316.273 GC heap before
{Heap before GC invocations=127 (full 8):
 PSYoungGen      total 552448K, used 525686K [0x00000000d5580000, 0x0000000100000000, 0x0000000100000000)
  eden space 430592K, 100% used [0x00000000d5580000,0x00000000efa00000,0x00000000efa00000)
  from space 121856K, 78% used [0x00000000f8900000,0x00000000fe5dd930,0x0000000100000000)
  to   space 134144K, 0% used [0x00000000efa00000,0x00000000efa00000,0x00000000f7d00000)
 ParOldGen       total 238080K, used 159095K [0x0000000080000000, 0x000000008e880000, 0x00000000d5580000)
  object space 238080K, 66% used [0x0000000080000000,0x0000000089b5de48,0x000000008e880000)
 Metaspace       used 117425K, capacity 125494K, committed 126104K, reserved 1159168K
  class space    used 14519K, capacity 15906K, committed 16280K, reserved 1048576K
Event: 18316.292 GC heap after
Heap after GC invocations=127 (full 8):
 PSYoungGen      total 564736K, used 20874K [0x00000000d5580000, 0x0000000100000000, 0x0000000100000000)
  eden space 430592K, 0% used [0x00000000d5580000,0x00000000d5580000,0x00000000efa00000)
  from space 134144K, 15% used [0x00000000efa00000,0x00000000f0e62930,0x00000000f7d00000)
  to   space 129536K, 0% used [0x00000000f8180000,0x00000000f8180000,0x0000000100000000)
 ParOldGen       total 238080K, used 159159K [0x0000000080000000, 0x000000008e880000, 0x00000000d5580000)
  object space 238080K, 66% used [0x0000000080000000,0x0000000089b6de48,0x000000008e880000)
 Metaspace       used 117425K, capacity 125494K, committed 126104K, reserved 1159168K
  class space    used 14519K, capacity 15906K, committed 16280K, reserved 1048576K
}
Event: 18325.748 GC heap before
{Heap before GC invocations=128 (full 8):
 PSYoungGen      total 564736K, used 451466K [0x00000000d5580000, 0x0000000100000000, 0x0000000100000000)
  eden space 430592K, 100% used [0x00000000d5580000,0x00000000efa00000,0x00000000efa00000)
  from space 134144K, 15% used [0x00000000efa00000,0x00000000f0e62930,0x00000000f7d00000)
  to   space 129536K, 0% used [0x00000000f8180000,0x00000000f8180000,0x0000000100000000)
 ParOldGen       total 238080K, used 159159K [0x0000000080000000, 0x000000008e880000, 0x00000000d5580000)
  object space 238080K, 66% used [0x0000000080000000,0x0000000089b6de48,0x000000008e880000)
 Metaspace       used 117474K, capacity 125494K, committed 126104K, reserved 1159168K
  class space    used 14519K, capacity 15906K, committed 16280K, reserved 1048576K
Event: 18325.863 GC heap after
Heap after GC invocations=128 (full 8):
 PSYoungGen      total 555008K, used 5715K [0x00000000d5580000, 0x00000000ff680000, 0x0000000100000000)
  eden space 435200K, 0% used [0x00000000d5580000,0x00000000d5580000,0x00000000efe80000)
  from space 119808K, 4% used [0x00000000f8180000,0x00000000f8714d98,0x00000000ff680000)
  to   space 126976K, 0% used [0x00000000efe80000,0x00000000efe80000,0x00000000f7a80000)
 ParOldGen       total 238080K, used 168008K [0x0000000080000000, 0x000000008e880000, 0x00000000d5580000)
  object space 238080K, 70% used [0x0000000080000000,0x000000008a412000,0x000000008e880000)
 Metaspace       used 117474K, capacity 125494K, committed 126104K, reserved 1159168K
  class space    used 14519K, capacity 15906K, committed 16280K, reserved 1048576K
}
Event: 18329.306 GC heap before
{Heap before GC invocations=129 (full 8):
 PSYoungGen      total 555008K, used 440395K [0x00000000d5580000, 0x00000000ff680000, 0x0000000100000000)
  eden space 435200K, 99% used [0x00000000d5580000,0x00000000efdfdff8,0x00000000efe80000)
  from space 119808K, 4% used [0x00000000f8180000,0x00000000f8714d98,0x00000000ff680000)
  to   space 126976K, 0% used [0x00000000efe80000,0x00000000efe80000,0x00000000f7a80000)
 ParOldGen       total 238080K, used 168008K [0x0000000080000000, 0x000000008e880000, 0x00000000d5580000)
  object space 238080K, 70% used [0x0000000080000000,0x000000008a412000,0x000000008e880000)
 Metaspace       used 117515K, capacity 125564K, committed 126104K, reserved 1159168K
  class space    used 14520K, capacity 15907K, committed 16280K, reserved 1048576K
Event: 18329.339 GC heap after
Heap after GC invocations=129 (full 8):
 PSYoungGen      total 562176K, used 23004K [0x00000000d5580000, 0x00000000ffc00000, 0x0000000100000000)
  eden space 435200K, 0% used [0x00000000d5580000,0x00000000d5580000,0x00000000efe80000)
  from space 126976K, 18% used [0x00000000efe80000,0x00000000f14f7160,0x00000000f7a80000)
  to   space 121344K, 0% used [0x00000000f8580000,0x00000000f8580000,0x00000000ffc00000)
 ParOldGen       total 238080K, used 169548K [0x0000000080000000, 0x000000008e880000, 0x00000000d5580000)
  object space 238080K, 71% used [0x0000000080000000,0x000000008a593018,0x000000008e880000)
 Metaspace       used 117515K, capacity 125564K, committed 126104K, reserved 1159168K
  class space    used 14520K, capacity 15907K, committed 16280K, reserved 1048576K
}
Event: 18331.304 GC heap before
{Heap before GC invocations=130 (full 8):
 PSYoungGen      total 562176K, used 458204K [0x00000000d5580000, 0x00000000ffc00000, 0x0000000100000000)
  eden space 435200K, 100% used [0x00000000d5580000,0x00000000efe80000,0x00000000efe80000)
  from space 126976K, 18% used [0x00000000efe80000,0x00000000f14f7160,0x00000000f7a80000)
  to   space 121344K, 0% used [0x00000000f8580000,0x00000000f8580000,0x00000000ffc00000)
 ParOldGen       total 238080K, used 169548K [0x0000000080000000, 0x000000008e880000, 0x00000000d5580000)
  object space 238080K, 71% used [0x0000000080000000,0x000000008a593018,0x000000008e880000)
 Metaspace       used 117516K, capacity 125564K, committed 126104K, reserved 1159168K
  class space    used 14520K, capacity 15907K, committed 16280K, reserved 1048576K
Event: 18331.560 GC heap after
Heap after GC invocations=130 (full 8):
 PSYoungGen      total 547840K, used 101033K [0x00000000d5580000, 0x0000000100000000, 0x0000000100000000)
  eden space 426496K, 0% used [0x00000000d5580000,0x00000000d5580000,0x00000000ef600000)
  from space 121344K, 83% used [0x00000000f8580000,0x00000000fe82a758,0x00000000ffc00000)
  to   space 136192K, 0% used [0x00000000ef600000,0x00000000ef600000,0x00000000f7b00000)
 ParOldGen       total 238080K, used 181480K [0x0000000080000000, 0x000000008e880000, 0x00000000d5580000)
  object space 238080K, 76% used [0x0000000080000000,0x000000008b13a3d8,0x000000008e880000)
 Metaspace       used 117516K, capacity 125564K, committed 126104K, reserved 1159168K
  class space    used 14520K, capacity 15907K, committed 16280K, reserved 1048576K
}
Event: 18341.078 GC heap before
{Heap before GC invocations=131 (full 8):
 PSYoungGen      total 547840K, used 527529K [0x00000000d5580000, 0x0000000100000000, 0x0000000100000000)
  eden space 426496K, 100% used [0x00000000d5580000,0x00000000ef600000,0x00000000ef600000)
  from space 121344K, 83% used [0x00000000f8580000,0x00000000fe82a758,0x00000000ffc00000)
  to   space 136192K, 0% used [0x00000000ef600000,0x00000000ef600000,0x00000000f7b00000)
 ParOldGen       total 238080K, used 181480K [0x0000000080000000, 0x000000008e880000, 0x00000000d5580000)
  object space 238080K, 76% used [0x0000000080000000,0x000000008b13a3d8,0x000000008e880000)
 Metaspace       used 117522K, capacity 125628K, committed 126104K, reserved 1159168K
  class space    used 14520K, capacity 15907K, committed 16280K, reserved 1048576K
Event: 18341.382 GC heap after
Heap after GC invocations=131 (full 8):
 PSYoungGen      total 544256K, used 117554K [0x00000000d5580000, 0x0000000100000000, 0x0000000100000000)
  eden space 426496K, 0% used [0x00000000d5580000,0x00000000d5580000,0x00000000ef600000)
  from space 117760K, 99% used [0x00000000ef600000,0x00000000f68ccad8,0x00000000f6900000)
  to   space 154112K, 0% used [0x00000000f6980000,0x00000000f6980000,0x0000000100000000)
 ParOldGen       total 238080K, used 200738K [0x0000000080000000, 0x000000008e880000, 0x00000000d5580000)
  object space 238080K, 84% used [0x0000000080000000,0x000000008c408858,0x000000008e880000)
 Metaspace       used 117522K, capacity 125628K, committed 126104K, reserved 1159168K
  class space    used 14520K, capacity 15907K, committed 16280K, reserved 1048576K
}

